Build started 2/28/2011 6:19:57 AM.
     1>Project "C:\Users\Soham\documents\visual studio 2010\Projects\REBOOT\REBOOT\REBOOT.vcxproj" on node 2 (build target(s)).
     1>InitializeBuildStatus:
         Creating "Debug\REBOOT.unsuccessfulbuild" because "AlwaysCreate" was specified.
       ClCompile:
         All outputs are up-to-date.
         D:\Microsoft Visual Studio 10.0\VC\bin\CL.exe /c /ZI /nologo /W3 /WX- /Od /Oy- /D WIN32 /D _DEBUG /D _CONSOLE /D _UNICODE /D UNICODE /Gm /EHsc /RTC1 /MDd /GS /fp:precise /Zc:wchar_t /Zc:forScope /Yu"StdAfx.h" /Fp"Debug\REBOOT.pch" /Fo"Debug\\" /Fd"Debug\vc100.pdb" /Gd /TP /analyze- /errorReport:prompt REBOOT.cpp
         REBOOT.cpp
     1>c:\users\soham\documents\visual studio 2010\projects\reboot\reboot\reboot.cpp(20): warning C4996: 'localtime': This function or variable may be unsafe. Consider using localtime_s instead. To disable deprecation, use _CRT_SECURE_NO_WARNINGS. See online help for details.
                 d:\microsoft visual studio 10.0\vc\include\time.inl(112) : see declaration of 'localtime'
     1>c:\users\soham\documents\visual studio 2010\projects\reboot\reboot\reboot.cpp(29): warning C4996: 'localtime': This function or variable may be unsafe. Consider using localtime_s instead. To disable deprecation, use _CRT_SECURE_NO_WARNINGS. See online help for details.
                 d:\microsoft visual studio 10.0\vc\include\time.inl(112) : see declaration of 'localtime'
     1>c:\users\soham\documents\visual studio 2010\projects\reboot\reboot\reboot.cpp(81): warning C4996: 'fopen': This function or variable may be unsafe. Consider using fopen_s instead. To disable deprecation, use _CRT_SECURE_NO_WARNINGS. See online help for details.
                 d:\microsoft visual studio 10.0\vc\include\stdio.h(234) : see declaration of 'fopen'
     1>c:\users\soham\documents\visual studio 2010\projects\reboot\reboot\reboot.cpp(92): warning C4996: 'scanf': This function or variable may be unsafe. Consider using scanf_s instead. To disable deprecation, use _CRT_SECURE_NO_WARNINGS. See online help for details.
                 d:\microsoft visual studio 10.0\vc\include\stdio.h(304) : see declaration of 'scanf'
     1>c:\users\soham\documents\visual studio 2010\projects\reboot\reboot\reboot.cpp(115): warning C4996: 'getch': The POSIX name for this item is deprecated. Instead, use the ISO C++ conformant name: _getch. See online help for details.
                 d:\microsoft visual studio 10.0\vc\include\conio.h(128) : see declaration of 'getch'
       ManifestResourceCompile:
         All outputs are up-to-date.
       Link:
         D:\Microsoft Visual Studio 10.0\VC\bin\link.exe /ERRORREPORT:PROMPT /OUT:"C:\Users\Soham\documents\visual studio 2010\Projects\REBOOT\Debug\REBOOT.exe" /INCREMENTAL /NOLOGO kernel32.lib user32.lib gdi32.lib winspool.lib comdlg32.lib advapi32.lib shell32.lib ole32.lib oleaut32.lib uuid.lib odbc32.lib odbccp32.lib /MANIFEST /ManifestFile:"Debug\REBOOT.exe.intermediate.manifest" /MANIFESTUAC:"level='asInvoker' uiAccess='false'" /DEBUG /PDB:"C:\Users\Soham\documents\visual studio 2010\Projects\REBOOT\Debug\REBOOT.pdb" /SUBSYSTEM:CONSOLE /TLBID:1 /DYNAMICBASE /NXCOMPAT /IMPLIB:"C:\Users\Soham\documents\visual studio 2010\Projects\REBOOT\Debug\REBOOT.lib" /MACHINE:X86 Debug\REBOOT.exe.embed.manifest.res
         Debug\REBOOT.obj
         Debug\stdafx.obj
       Manifest:
         C:\Program Files\Microsoft SDKs\Windows\v7.0A\bin\mt.exe /nologo /verbose /out:"Debug\REBOOT.exe.embed.manifest" /manifest Debug\REBOOT.exe.intermediate.manifest
         All outputs are up-to-date.
       LinkEmbedManifest:
         All outputs are up-to-date.
         REBOOT.vcxproj -> C:\Users\Soham\documents\visual studio 2010\Projects\REBOOT\Debug\REBOOT.exe
       FinalizeBuildStatus:
         Deleting file "Debug\REBOOT.unsuccessfulbuild".
         Touching "Debug\REBOOT.lastbuildstate".
     1>Done Building Project "C:\Users\Soham\documents\visual studio 2010\Projects\REBOOT\REBOOT\REBOOT.vcxproj" (build target(s)).

Build succeeded.

Time Elapsed 00:00:03.13
